# JRE version: OpenJDK Runtime Environment (21.0.6) (build 21.0.6+-13368085-b895.109)
# Java VM: OpenJDK 64-Bit Server VM (21.0.6+-13368085-b895.109, mixed mode, tiered, compressed oops, compressed class ptrs, g1 gc, windows-amd64)
GC Precious Log:
 CardTable entry size: 512
 Card Set container configuration: InlinePtr #cards 5 size 8 Array Of Cards #cards 12 size 40 Howl #buckets 4 coarsen threshold 1843 Howl Bitmap #cards 512 size 80 coarsen threshold 460 Card regions per heap region 1 cards per card region 2048
 CPUs: 12 total, 12 available
 Memory: 16092M
 Large Page Support: Disabled
 NUMA Support: Disabled
 Compressed Oops: Enabled (32-bit)
 Heap Region Size: 1M
 Heap Min Capacity: 8M
 Heap Initial Capacity: 252M
 Heap Max Capacity: 2G
 Pre-touch: Disabled
 Parallel Workers: 10
 Concurrent Workers: 3
 Concurrent Refinement Workers: 10
 Periodic GC: Disabled
Heap:
 garbage-first heap   total 268288K, used 170029K [0x0000000080000000, 0x0000000100000000)
  region size 1024K, 6 young (6144K), 6 survivors (6144K)
 Metaspace       used 130801K, committed 133056K, reserved 1179648K
  class space    used 18331K, committed 19456K, reserved 1048576K
GC Heap History (20 events):
Event: 13.087 GC heap after
{Heap after GC invocations=36 (full 0):
 garbage-first heap   total 179200K, used 112623K [0x0000000080000000, 0x0000000100000000)
  region size 1024K, 4 young (4096K), 4 survivors (4096K)
 Metaspace       used 111583K, committed 113792K, reserved 1179648K
  class space    used 15386K, committed 16512K, reserved 1048576K
}
Event: 13.505 GC heap before
{Heap before GC invocations=37 (full 0):
 garbage-first heap   total 189440K, used 165871K [0x0000000080000000, 0x0000000100000000)
  region size 1024K, 55 young (56320K), 4 survivors (4096K)
 Metaspace       used 111815K, committed 113984K, reserved 1179648K
  class space    used 15419K, committed 16512K, reserved 1048576K
}
Event: 13.511 GC heap after
{Heap after GC invocations=38 (full 0):
 garbage-first heap   total 189440K, used 115810K [0x0000000080000000, 0x0000000100000000)
  region size 1024K, 6 young (6144K), 6 survivors (6144K)
 Metaspace       used 111815K, committed 113984K, reserved 1179648K
  class space    used 15419K, committed 16512K, reserved 1048576K
}
Event: 13.760 GC heap before
{Heap before GC invocations=38 (full 0):
 garbage-first heap   total 189440K, used 171106K [0x0000000080000000, 0x0000000100000000)
  region size 1024K, 61 young (62464K), 6 survivors (6144K)
 Metaspace       used 111906K, committed 114112K, reserved 1179648K
  class space    used 15429K, committed 16512K, reserved 1048576K
}
Event: 13.766 GC heap after
{Heap after GC invocations=39 (full 0):
 garbage-first heap   total 227328K, used 116151K [0x0000000080000000, 0x0000000100000000)
  region size 1024K, 5 young (5120K), 5 survivors (5120K)
 Metaspace       used 111906K, committed 114112K, reserved 1179648K
  class space    used 15429K, committed 16512K, reserved 1048576K
}
Event: 14.385 GC heap before
{Heap before GC invocations=39 (full 0):
 garbage-first heap   total 227328K, used 197047K [0x0000000080000000, 0x0000000100000000)
  region size 1024K, 85 young (87040K), 5 survivors (5120K)
 Metaspace       used 112300K, committed 114496K, reserved 1179648K
  class space    used 15471K, committed 16576K, reserved 1048576K
}
Event: 14.392 GC heap after
{Heap after GC invocations=40 (full 0):
 garbage-first heap   total 227328K, used 119852K [0x0000000080000000, 0x0000000100000000)
  region size 1024K, 8 young (8192K), 8 survivors (8192K)
 Metaspace       used 112300K, committed 114496K, reserved 1179648K
  class space    used 15471K, committed 16576K, reserved 1048576K
}
Event: 14.707 GC heap before
{Heap before GC invocations=40 (full 0):
 garbage-first heap   total 227328K, used 203820K [0x0000000080000000, 0x0000000100000000)
  region size 1024K, 91 young (93184K), 8 survivors (8192K)
 Metaspace       used 112348K, committed 114560K, reserved 1179648K
  class space    used 15473K, committed 16576K, reserved 1048576K
}
Event: 14.715 GC heap after
{Heap after GC invocations=41 (full 0):
 garbage-first heap   total 227328K, used 123172K [0x0000000080000000, 0x0000000100000000)
  region size 1024K, 10 young (10240K), 10 survivors (10240K)
 Metaspace       used 112348K, committed 114560K, reserved 1179648K
  class space    used 15473K, committed 16576K, reserved 1048576K
}
Event: 14.831 GC heap before
{Heap before GC invocations=41 (full 0):
 garbage-first heap   total 227328K, used 139556K [0x0000000080000000, 0x0000000100000000)
  region size 1024K, 28 young (28672K), 10 survivors (10240K)
 Metaspace       used 112541K, committed 114752K, reserved 1179648K
  class space    used 15508K, committed 16640K, reserved 1048576K
}
Event: 14.838 GC heap after
{Heap after GC invocations=42 (full 0):
 garbage-first heap   total 227328K, used 124926K [0x0000000080000000, 0x0000000100000000)
  region size 1024K, 7 young (7168K), 7 survivors (7168K)
 Metaspace       used 112541K, committed 114752K, reserved 1179648K
  class space    used 15508K, committed 16640K, reserved 1048576K
}
Event: 15.496 GC heap before
{Heap before GC invocations=43 (full 0):
 garbage-first heap   total 227328K, used 209918K [0x0000000080000000, 0x0000000100000000)
  region size 1024K, 86 young (88064K), 7 survivors (7168K)
 Metaspace       used 118186K, committed 120384K, reserved 1179648K
  class space    used 16295K, committed 17408K, reserved 1048576K
}
Event: 15.504 GC heap after
{Heap after GC invocations=44 (full 0):
 garbage-first heap   total 227328K, used 133120K [0x0000000080000000, 0x0000000100000000)
  region size 1024K, 11 young (11264K), 11 survivors (11264K)
 Metaspace       used 118186K, committed 120384K, reserved 1179648K
  class space    used 16295K, committed 17408K, reserved 1048576K
}
Event: 16.169 GC heap before
{Heap before GC invocations=44 (full 0):
 garbage-first heap   total 227328K, used 202752K [0x0000000080000000, 0x0000000100000000)
  region size 1024K, 80 young (81920K), 11 survivors (11264K)
 Metaspace       used 122850K, committed 125056K, reserved 1179648K
  class space    used 17018K, committed 18112K, reserved 1048576K
}
Event: 16.188 GC heap after
{Heap after GC invocations=45 (full 0):
 garbage-first heap   total 228352K, used 141861K [0x0000000080000000, 0x0000000100000000)
  region size 1024K, 10 young (10240K), 10 survivors (10240K)
 Metaspace       used 122850K, committed 125056K, reserved 1179648K
  class space    used 17018K, committed 18112K, reserved 1048576K
}
Event: 16.725 GC heap before
{Heap before GC invocations=45 (full 0):
 garbage-first heap   total 228352K, used 204325K [0x0000000080000000, 0x0000000100000000)
  region size 1024K, 72 young (73728K), 10 survivors (10240K)
 Metaspace       used 126240K, committed 128448K, reserved 1179648K
  class space    used 17603K, committed 18688K, reserved 1048576K
}
Event: 16.740 GC heap after
{Heap after GC invocations=46 (full 0):
 garbage-first heap   total 228352K, used 151552K [0x0000000080000000, 0x0000000100000000)
  region size 1024K, 9 young (9216K), 9 survivors (9216K)
 Metaspace       used 126240K, committed 128448K, reserved 1179648K
  class space    used 17603K, committed 18688K, reserved 1048576K
}
Event: 16.983 GC heap before
{Heap before GC invocations=47 (full 0):
 garbage-first heap   total 252928K, used 204800K [0x0000000080000000, 0x0000000100000000)
  region size 1024K, 62 young (63488K), 9 survivors (9216K)
 Metaspace       used 126770K, committed 129024K, reserved 1179648K
  class space    used 17689K, committed 18816K, reserved 1048576K
}
Event: 17.003 GC heap after
{Heap after GC invocations=48 (full 0):
 garbage-first heap   total 252928K, used 164407K [0x0000000080000000, 0x0000000100000000)
  region size 1024K, 8 young (8192K), 8 survivors (8192K)
 Metaspace       used 126770K, committed 129024K, reserved 1179648K
  class space    used 17689K, committed 18816K, reserved 1048576K
}
Event: 17.467 GC heap before
{Heap before GC invocations=48 (full 0):
 garbage-first heap   total 252928K, used 224823K [0x0000000080000000, 0x0000000100000000)
  region size 1024K, 68 young (69632K), 8 survivors (8192K)
 Metaspace       used 130801K, committed 133056K, reserved 1179648K
  class space    used 18331K, committed 19456K, reserved 1048576K
}

