# JRE version: Java(TM) SE Runtime Environment (24.0.1+9) (build 24.0.1+9-30)
# Java VM: Java HotSpot(TM) 64-Bit Server VM (24.0.1+9-30, mixed mode, sharing, tiered, compressed oops, compressed class ptrs, g1 gc, windows-amd64)
GC Precious Log:
 CardTable entry size: 512
 Card Set container configuration: InlinePtr #cards 5 size 8 Array Of Cards #cards 10 size 36 Howl #buckets 4 coarsen threshold 1843 Howl Bitmap #cards 512 size 80 coarsen threshold 460 Card regions per heap region 1 cards per card region 2048
 CPUs: 12 total, 12 available
 Memory: 16092M
 Large Page Support: Disabled
 NUMA Support: Disabled
 Compressed Oops: Enabled (32-bit)
 Heap Region Size: 1M
 Heap Min Capacity: 8M
 Heap Initial Capacity: 252M
 Heap Max Capacity: 2G
 Pre-touch: Disabled
 Parallel Workers: 10
 Concurrent Workers: 3
 Concurrent Refinement Workers: 10
 Periodic GC: Disabled
Heap:
 garbage-first heap   total reserved 2097152K, committed 244736K, used 218190K [0x0000000080000000, 0x0000000100000000)
  region size 1024K, 108 young (110592K), 10 survivors (10240K)
 Metaspace       used 100652K, committed 102784K, reserved 1179648K
  class space    used 11422K, committed 12416K, reserved 1048576K
GC Heap History (20 events):
Event: 13.803 GC heap before
{Heap before GC invocations=33 (full 0):
 garbage-first heap   total reserved 2097152K, committed 158720K, used 144029K [0x0000000080000000, 0x0000000100000000)
  region size 1024K, 53 young (54272K), 3 survivors (3072K)
 Metaspace       used 85659K, committed 87744K, reserved 1179648K
  class space    used 9661K, committed 10624K, reserved 1048576K
}
Event: 13.808 GC heap after
{Heap after GC invocations=34 (full 0):
 garbage-first heap   total reserved 2097152K, committed 158720K, used 94312K [0x0000000080000000, 0x0000000100000000)
  region size 1024K, 5 young (5120K), 5 survivors (5120K)
 Metaspace       used 85659K, committed 87744K, reserved 1179648K
  class space    used 9661K, committed 10624K, reserved 1048576K
}
Event: 14.332 GC heap before
{Heap before GC invocations=34 (full 0):
 garbage-first heap   total reserved 2097152K, committed 158720K, used 143464K [0x0000000080000000, 0x0000000100000000)
  region size 1024K, 53 young (54272K), 5 survivors (5120K)
 Metaspace       used 89400K, committed 91456K, reserved 1179648K
  class space    used 10114K, committed 11072K, reserved 1048576K
}
Event: 14.337 GC heap after
{Heap after GC invocations=35 (full 0):
 garbage-first heap   total reserved 2097152K, committed 158720K, used 97057K [0x0000000080000000, 0x0000000100000000)
  region size 1024K, 6 young (6144K), 6 survivors (6144K)
 Metaspace       used 89400K, committed 91456K, reserved 1179648K
  class space    used 10114K, committed 11072K, reserved 1048576K
}
Event: 14.977 GC heap before
{Heap before GC invocations=36 (full 0):
 garbage-first heap   total reserved 2097152K, committed 163840K, used 143137K [0x0000000080000000, 0x0000000100000000)
  region size 1024K, 51 young (52224K), 6 survivors (6144K)
 Metaspace       used 92157K, committed 94272K, reserved 1179648K
  class space    used 10496K, committed 11456K, reserved 1048576K
}
Event: 14.984 GC heap after
{Heap after GC invocations=37 (full 0):
 garbage-first heap   total reserved 2097152K, committed 163840K, used 100117K [0x0000000080000000, 0x0000000100000000)
  region size 1024K, 6 young (6144K), 6 survivors (6144K)
 Metaspace       used 92157K, committed 94272K, reserved 1179648K
  class space    used 10496K, committed 11456K, reserved 1048576K
}
Event: 15.582 GC heap before
{Heap before GC invocations=37 (full 0):
 garbage-first heap   total reserved 2097152K, committed 163840K, used 147221K [0x0000000080000000, 0x0000000100000000)
  region size 1024K, 53 young (54272K), 6 survivors (6144K)
 Metaspace       used 94843K, committed 96960K, reserved 1179648K
  class space    used 10860K, committed 11840K, reserved 1048576K
}
Event: 15.590 GC heap after
{Heap after GC invocations=38 (full 0):
 garbage-first heap   total reserved 2097152K, committed 163840K, used 104978K [0x0000000080000000, 0x0000000100000000)
  region size 1024K, 7 young (7168K), 7 survivors (7168K)
 Metaspace       used 94843K, committed 96960K, reserved 1179648K
  class space    used 10860K, committed 11840K, reserved 1048576K
}
Event: 15.790 GC heap before
{Heap before GC invocations=38 (full 0):
 garbage-first heap   total reserved 2097152K, committed 163840K, used 146962K [0x0000000080000000, 0x0000000100000000)
  region size 1024K, 49 young (50176K), 7 survivors (7168K)
 Metaspace       used 94993K, committed 97088K, reserved 1179648K
  class space    used 10865K, committed 11840K, reserved 1048576K
}
Event: 15.798 GC heap after
{Heap after GC invocations=39 (full 0):
 garbage-first heap   total reserved 2097152K, committed 163840K, used 110790K [0x0000000080000000, 0x0000000100000000)
  region size 1024K, 5 young (5120K), 5 survivors (5120K)
 Metaspace       used 94993K, committed 97088K, reserved 1179648K
  class space    used 10865K, committed 11840K, reserved 1048576K
}
Event: 15.949 GC heap before
{Heap before GC invocations=40 (full 0):
 garbage-first heap   total reserved 2097152K, committed 186368K, used 146630K [0x0000000080000000, 0x0000000100000000)
  region size 1024K, 41 young (41984K), 5 survivors (5120K)
 Metaspace       used 95000K, committed 97088K, reserved 1179648K
  class space    used 10865K, committed 11840K, reserved 1048576K
}
Event: 15.952 GC heap after
{Heap after GC invocations=41 (full 0):
 garbage-first heap   total reserved 2097152K, committed 186368K, used 112574K [0x0000000080000000, 0x0000000100000000)
  region size 1024K, 4 young (4096K), 4 survivors (4096K)
 Metaspace       used 95000K, committed 97088K, reserved 1179648K
  class space    used 10865K, committed 11840K, reserved 1048576K
}
Event: 16.324 GC heap before
{Heap before GC invocations=41 (full 0):
 garbage-first heap   total reserved 2097152K, committed 186368K, used 169918K [0x0000000080000000, 0x0000000100000000)
  region size 1024K, 59 young (60416K), 4 survivors (4096K)
 Metaspace       used 95492K, committed 97536K, reserved 1179648K
  class space    used 10949K, committed 11904K, reserved 1048576K
}
Event: 16.329 GC heap after
{Heap after GC invocations=42 (full 0):
 garbage-first heap   total reserved 2097152K, committed 186368K, used 114265K [0x0000000080000000, 0x0000000100000000)
  region size 1024K, 7 young (7168K), 7 survivors (7168K)
 Metaspace       used 95492K, committed 97536K, reserved 1179648K
  class space    used 10949K, committed 11904K, reserved 1048576K
}
Event: 16.421 GC heap before
{Heap before GC invocations=42 (full 0):
 garbage-first heap   total reserved 2097152K, committed 186368K, used 141913K [0x0000000080000000, 0x0000000100000000)
  region size 1024K, 36 young (36864K), 7 survivors (7168K)
 Metaspace       used 95592K, committed 97728K, reserved 1179648K
  class space    used 10970K, committed 11968K, reserved 1048576K
}
Event: 16.425 GC heap after
{Heap after GC invocations=43 (full 0):
 garbage-first heap   total reserved 2097152K, committed 186368K, used 115980K [0x0000000080000000, 0x0000000100000000)
  region size 1024K, 4 young (4096K), 4 survivors (4096K)
 Metaspace       used 95592K, committed 97728K, reserved 1179648K
  class space    used 10970K, committed 11968K, reserved 1048576K
}
Event: 17.212 GC heap before
{Heap before GC invocations=44 (full 0):
 garbage-first heap   total reserved 2097152K, committed 203776K, used 174348K [0x0000000080000000, 0x0000000100000000)
  region size 1024K, 57 young (58368K), 4 survivors (4096K)
 Metaspace       used 99129K, committed 101248K, reserved 1179648K
  class space    used 11266K, committed 12288K, reserved 1048576K
}
Event: 17.218 GC heap after
{Heap after GC invocations=45 (full 0):
 garbage-first heap   total reserved 2097152K, committed 244736K, used 118763K [0x0000000080000000, 0x0000000100000000)
  region size 1024K, 7 young (7168K), 7 survivors (7168K)
 Metaspace       used 99129K, committed 101248K, reserved 1179648K
  class space    used 11266K, committed 12288K, reserved 1048576K
}
Event: 17.499 GC heap before
{Heap before GC invocations=45 (full 0):
 garbage-first heap   total reserved 2097152K, committed 244736K, used 217067K [0x0000000080000000, 0x0000000100000000)
  region size 1024K, 104 young (106496K), 7 survivors (7168K)
 Metaspace       used 99237K, committed 101376K, reserved 1179648K
  class space    used 11273K, committed 12288K, reserved 1048576K
}
Event: 17.506 GC heap after
{Heap after GC invocations=46 (full 0):
 garbage-first heap   total reserved 2097152K, committed 244736K, used 119886K [0x0000000080000000, 0x0000000100000000)
  region size 1024K, 10 young (10240K), 10 survivors (10240K)
 Metaspace       used 99237K, committed 101376K, reserved 1179648K
  class space    used 11273K, committed 12288K, reserved 1048576K
}

