# JRE version: OpenJDK Runtime Environment (21.0.6) (build 21.0.6+-13368085-b895.109)
# Java VM: OpenJDK 64-Bit Server VM (21.0.6+-13368085-b895.109, mixed mode, tiered, compressed oops, compressed class ptrs, g1 gc, windows-amd64)
GC Precious Log:
 CardTable entry size: 512
 Card Set container configuration: InlinePtr #cards 5 size 8 Array Of Cards #cards 12 size 40 Howl #buckets 4 coarsen threshold 1843 Howl Bitmap #cards 512 size 80 coarsen threshold 460 Card regions per heap region 1 cards per card region 2048
 CPUs: 12 total, 12 available
 Memory: 16092M
 Large Page Support: Disabled
 NUMA Support: Disabled
 Compressed Oops: Enabled (32-bit)
 Heap Region Size: 1M
 Heap Min Capacity: 8M
 Heap Initial Capacity: 252M
 Heap Max Capacity: 2G
 Pre-touch: Disabled
 Parallel Workers: 10
 Concurrent Workers: 3
 Concurrent Refinement Workers: 10
 Periodic GC: Disabled
Heap:
 garbage-first heap   total 295936K, used 207471K [0x0000000080000000, 0x0000000100000000)
  region size 1024K, 24 young (24576K), 12 survivors (12288K)
 Metaspace       used 192024K, committed 194880K, reserved 1245184K
  class space    used 24986K, committed 26432K, reserved 1048576K
GC Heap History (20 events):
Event: 20.586 GC heap before
{Heap before GC invocations=42 (full 0):
 garbage-first heap   total 288768K, used 264674K [0x0000000080000000, 0x0000000100000000)
  region size 1024K, 101 young (103424K), 7 survivors (7168K)
 Metaspace       used 174606K, committed 177280K, reserved 1245184K
  class space    used 22682K, committed 24064K, reserved 1048576K
}
Event: 20.596 GC heap after
{Heap after GC invocations=43 (full 0):
 garbage-first heap   total 288768K, used 175804K [0x0000000080000000, 0x0000000100000000)
  region size 1024K, 13 young (13312K), 13 survivors (13312K)
 Metaspace       used 174606K, committed 177280K, reserved 1245184K
  class space    used 22682K, committed 24064K, reserved 1048576K
}
Event: 21.181 GC heap before
{Heap before GC invocations=44 (full 0):
 garbage-first heap   total 288768K, used 254652K [0x0000000080000000, 0x0000000100000000)
  region size 1024K, 95 young (97280K), 13 survivors (13312K)
 Metaspace       used 174858K, committed 177600K, reserved 1245184K
  class space    used 22690K, committed 24064K, reserved 1048576K
}
Event: 21.195 GC heap after
{Heap after GC invocations=45 (full 0):
 garbage-first heap   total 288768K, used 180198K [0x0000000080000000, 0x0000000100000000)
  region size 1024K, 8 young (8192K), 8 survivors (8192K)
 Metaspace       used 174858K, committed 177600K, reserved 1245184K
  class space    used 22690K, committed 24064K, reserved 1048576K
}
Event: 21.695 GC heap before
{Heap before GC invocations=45 (full 0):
 garbage-first heap   total 288768K, used 265190K [0x0000000080000000, 0x0000000100000000)
  region size 1024K, 90 young (92160K), 8 survivors (8192K)
 Metaspace       used 175296K, committed 177984K, reserved 1245184K
  class space    used 22771K, committed 24128K, reserved 1048576K
}
Event: 21.705 GC heap after
{Heap after GC invocations=46 (full 0):
 garbage-first heap   total 288768K, used 168580K [0x0000000080000000, 0x0000000100000000)
  region size 1024K, 7 young (7168K), 7 survivors (7168K)
 Metaspace       used 175296K, committed 177984K, reserved 1245184K
  class space    used 22771K, committed 24128K, reserved 1048576K
}
Event: 21.743 GC heap before
{Heap before GC invocations=46 (full 0):
 garbage-first heap   total 288768K, used 174724K [0x0000000080000000, 0x0000000100000000)
  region size 1024K, 15 young (15360K), 7 survivors (7168K)
 Metaspace       used 175390K, committed 178112K, reserved 1245184K
  class space    used 22788K, committed 24128K, reserved 1048576K
}
Event: 21.748 GC heap after
{Heap after GC invocations=47 (full 0):
 garbage-first heap   total 288768K, used 169215K [0x0000000080000000, 0x0000000100000000)
  region size 1024K, 8 young (8192K), 8 survivors (8192K)
 Metaspace       used 175390K, committed 178112K, reserved 1245184K
  class space    used 22788K, committed 24128K, reserved 1048576K
}
Event: 22.668 GC heap before
{Heap before GC invocations=48 (full 0):
 garbage-first heap   total 291840K, used 257279K [0x0000000080000000, 0x0000000100000000)
  region size 1024K, 90 young (92160K), 8 survivors (8192K)
 Metaspace       used 178885K, committed 181568K, reserved 1245184K
  class space    used 23124K, committed 24448K, reserved 1048576K
}
Event: 22.677 GC heap after
{Heap after GC invocations=49 (full 0):
 garbage-first heap   total 291840K, used 173330K [0x0000000080000000, 0x0000000100000000)
  region size 1024K, 8 young (8192K), 8 survivors (8192K)
 Metaspace       used 178885K, committed 181568K, reserved 1245184K
  class space    used 23124K, committed 24448K, reserved 1048576K
}
Event: 23.094 GC heap before
{Heap before GC invocations=49 (full 0):
 garbage-first heap   total 291840K, used 257298K [0x0000000080000000, 0x0000000100000000)
  region size 1024K, 91 young (93184K), 8 survivors (8192K)
 Metaspace       used 179041K, committed 181760K, reserved 1245184K
  class space    used 23139K, committed 24512K, reserved 1048576K
}
Event: 23.104 GC heap after
{Heap after GC invocations=50 (full 0):
 garbage-first heap   total 291840K, used 172145K [0x0000000080000000, 0x0000000100000000)
  region size 1024K, 6 young (6144K), 6 survivors (6144K)
 Metaspace       used 179041K, committed 181760K, reserved 1245184K
  class space    used 23139K, committed 24512K, reserved 1048576K
}
Event: 24.852 GC heap before
{Heap before GC invocations=50 (full 0):
 garbage-first heap   total 291840K, used 260209K [0x0000000080000000, 0x0000000100000000)
  region size 1024K, 93 young (95232K), 6 survivors (6144K)
 Metaspace       used 180542K, committed 183296K, reserved 1245184K
  class space    used 23319K, committed 24704K, reserved 1048576K
}
Event: 24.858 GC heap after
{Heap after GC invocations=51 (full 0):
 garbage-first heap   total 291840K, used 176355K [0x0000000080000000, 0x0000000100000000)
  region size 1024K, 10 young (10240K), 10 survivors (10240K)
 Metaspace       used 180542K, committed 183296K, reserved 1245184K
  class space    used 23319K, committed 24704K, reserved 1048576K
}
Event: 26.003 GC heap before
{Heap before GC invocations=52 (full 0):
 garbage-first heap   total 295936K, used 263395K [0x0000000080000000, 0x0000000100000000)
  region size 1024K, 96 young (98304K), 10 survivors (10240K)
 Metaspace       used 183381K, committed 186176K, reserved 1245184K
  class space    used 23648K, committed 25024K, reserved 1048576K
}
Event: 26.011 GC heap after
{Heap after GC invocations=53 (full 0):
 garbage-first heap   total 295936K, used 180618K [0x0000000080000000, 0x0000000100000000)
  region size 1024K, 8 young (8192K), 8 survivors (8192K)
 Metaspace       used 183381K, committed 186176K, reserved 1245184K
  class space    used 23648K, committed 25024K, reserved 1048576K
}
Event: 43.311 GC heap before
{Heap before GC invocations=53 (full 0):
 garbage-first heap   total 295936K, used 267658K [0x0000000080000000, 0x0000000100000000)
  region size 1024K, 94 young (96256K), 8 survivors (8192K)
 Metaspace       used 186232K, committed 189056K, reserved 1245184K
  class space    used 24052K, committed 25472K, reserved 1048576K
}
Event: 43.320 GC heap after
{Heap after GC invocations=54 (full 0):
 garbage-first heap   total 295936K, used 183026K [0x0000000080000000, 0x0000000100000000)
  region size 1024K, 8 young (8192K), 8 survivors (8192K)
 Metaspace       used 186232K, committed 189056K, reserved 1245184K
  class space    used 24052K, committed 25472K, reserved 1048576K
}
Event: 43.937 GC heap before
{Heap before GC invocations=54 (full 0):
 garbage-first heap   total 295936K, used 269042K [0x0000000080000000, 0x0000000100000000)
  region size 1024K, 93 young (95232K), 8 survivors (8192K)
 Metaspace       used 191101K, committed 193920K, reserved 1245184K
  class space    used 24798K, committed 26240K, reserved 1048576K
}
Event: 43.948 GC heap after
{Heap after GC invocations=55 (full 0):
 garbage-first heap   total 295936K, used 196207K [0x0000000080000000, 0x0000000100000000)
  region size 1024K, 12 young (12288K), 12 survivors (12288K)
 Metaspace       used 191101K, committed 193920K, reserved 1245184K
  class space    used 24798K, committed 26240K, reserved 1048576K
}

